{
  "stats": {
    "suites": 1,
    "tests": 3,
    "passes": 3,
    "pending": 0,
    "failures": 0,
    "start": "2026-02-18T04:15:35.141Z",
    "end": "2026-02-18T04:15:38.031Z",
    "duration": 2890,
    "testsRegistered": 3,
    "passPercent": 100,
    "pendingPercent": 0,
    "other": 0,
    "hasOther": false,
    "skipped": 0,
    "hasSkipped": false
  },
  "results": [
    {
      "uuid": "4aafb78c-0763-4ad7-a17c-b55aeb7c8b13",
      "title": "",
      "fullFile": "cypress\\e2e\\2-advanced-examples\\location.cy.js",
      "file": "cypress\\e2e\\2-advanced-examples\\location.cy.js",
      "beforeHooks": [],
      "afterHooks": [],
      "tests": [],
      "suites": [
        {
          "uuid": "dce7048c-ba28-4207-ae04-8dc5a2e06218",
          "title": "Location",
          "fullFile": "",
          "file": "",
          "beforeHooks": [],
          "afterHooks": [],
          "tests": [
            {
              "title": "cy.hash() - get the current URL hash",
              "fullTitle": "Location cy.hash() - get the current URL hash",
              "timedOut": null,
              "duration": 730,
              "state": "passed",
              "speed": "fast",
              "pass": true,
              "fail": false,
              "pending": false,
              "context": null,
              "code": "// https://on.cypress.io/hash\ncy.hash().should('be.empty');",
              "err": {},
              "uuid": "4b6fcf1b-bc98-457e-af3f-b936b5766016",
              "parentUUID": "dce7048c-ba28-4207-ae04-8dc5a2e06218",
              "isHook": false,
              "skipped": false
            },
            {
              "title": "cy.location() - get window.location",
              "fullTitle": "Location cy.location() - get window.location",
              "timedOut": null,
              "duration": 207,
              "state": "passed",
              "speed": "fast",
              "pass": true,
              "fail": false,
              "pending": false,
              "context": null,
              "code": "// https://on.cypress.io/location\ncy.location().should(location => {\n  expect(location.hash).to.be.empty;\n  expect(location.href).to.eq('https://example.cypress.io/commands/location');\n  expect(location.host).to.eq('example.cypress.io');\n  expect(location.hostname).to.eq('example.cypress.io');\n  expect(location.origin).to.eq('https://example.cypress.io');\n  expect(location.pathname).to.eq('/commands/location');\n  expect(location.port).to.eq('');\n  expect(location.protocol).to.eq('https:');\n  expect(location.search).to.be.empty;\n});",
              "err": {},
              "uuid": "666c9dd6-f8c0-4c63-a852-b75f8f98133b",
              "parentUUID": "dce7048c-ba28-4207-ae04-8dc5a2e06218",
              "isHook": false,
              "skipped": false
            },
            {
              "title": "cy.url() - get the current URL",
              "fullTitle": "Location cy.url() - get the current URL",
              "timedOut": null,
              "duration": 163,
              "state": "passed",
              "speed": "fast",
              "pass": true,
              "fail": false,
              "pending": false,
              "context": null,
              "code": "// https://on.cypress.io/url\ncy.url().should('eq', 'https://example.cypress.io/commands/location');",
              "err": {},
              "uuid": "7c032d3a-aa79-46a2-ab21-edf2dbb0d549",
              "parentUUID": "dce7048c-ba28-4207-ae04-8dc5a2e06218",
              "isHook": false,
              "skipped": false
            }
          ],
          "suites": [],
          "passes": [
            "4b6fcf1b-bc98-457e-af3f-b936b5766016",
            "666c9dd6-f8c0-4c63-a852-b75f8f98133b",
            "7c032d3a-aa79-46a2-ab21-edf2dbb0d549"
          ],
          "failures": [],
          "pending": [],
          "skipped": [],
          "duration": 1100,
          "root": false,
          "rootEmpty": false,
          "_timeout": 2000
        }
      ],
      "passes": [],
      "failures": [],
      "pending": [],
      "skipped": [],
      "duration": 0,
      "root": true,
      "rootEmpty": true,
      "_timeout": 2000
    }
  ],
  "meta": {
    "mocha": {
      "version": "7.0.1"
    },
    "mochawesome": {
      "options": {
        "quiet": false,
        "reportFilename": "mochawesome",
        "saveHtml": false,
        "saveJson": true,
        "consoleReporter": "spec",
        "useInlineDiffs": false,
        "code": true
      },
      "version": "7.1.4"
    },
    "marge": {
      "options": {
        "reportDir": "results",
        "overwrite": false,
        "html": false,
        "json": true
      },
      "version": "6.3.2"
    }
  }
}