{
  "stats": {
    "suites": 1,
    "tests": 5,
    "passes": 5,
    "pending": 0,
    "failures": 0,
    "start": "2026-02-20T06:37:11.421Z",
    "end": "2026-02-20T06:37:17.353Z",
    "duration": 5932,
    "testsRegistered": 5,
    "passPercent": 100,
    "pendingPercent": 0,
    "other": 0,
    "hasOther": false,
    "skipped": 0,
    "hasSkipped": false
  },
  "results": [
    {
      "uuid": "dc6e0a4d-2800-47c7-b6d8-3835c8d98b6b",
      "title": "",
      "fullFile": "cypress\\e2e\\2-advanced-examples\\utilities.cy.js",
      "file": "cypress\\e2e\\2-advanced-examples\\utilities.cy.js",
      "beforeHooks": [],
      "afterHooks": [],
      "tests": [],
      "suites": [
        {
          "uuid": "5fbc95b2-c801-4ce9-b3ed-9f3b7c9d6526",
          "title": "Utilities",
          "fullFile": "",
          "file": "",
          "beforeHooks": [],
          "afterHooks": [],
          "tests": [
            {
              "title": "Cypress._ - call a lodash method",
              "fullTitle": "Utilities Cypress._ - call a lodash method",
              "timedOut": null,
              "duration": 1263,
              "state": "passed",
              "speed": "fast",
              "pass": true,
              "fail": false,
              "pending": false,
              "context": null,
              "code": "// https://on.cypress.io/_\ncy.request('https://jsonplaceholder.cypress.io/users').then(response => {\n  let ids = Cypress._.chain(response.body).map('id').take(3).value();\n  expect(ids).to.deep.eq([1, 2, 3]);\n});",
              "err": {},
              "uuid": "f2830249-8a18-4d04-9f95-941f859fb0dc",
              "parentUUID": "5fbc95b2-c801-4ce9-b3ed-9f3b7c9d6526",
              "isHook": false,
              "skipped": false
            },
            {
              "title": "Cypress.$ - call a jQuery method",
              "fullTitle": "Utilities Cypress.$ - call a jQuery method",
              "timedOut": null,
              "duration": 316,
              "state": "passed",
              "speed": "fast",
              "pass": true,
              "fail": false,
              "pending": false,
              "context": null,
              "code": "// https://on.cypress.io/$\nlet $li = Cypress.$('.utility-jquery li:first');\ncy.wrap($li).should('not.have.class', 'active').click().should('have.class', 'active');",
              "err": {},
              "uuid": "442d776c-fded-4767-b5a9-3d5f6d709e2d",
              "parentUUID": "5fbc95b2-c801-4ce9-b3ed-9f3b7c9d6526",
              "isHook": false,
              "skipped": false
            },
            {
              "title": "Cypress.Blob - blob utilities and base64 string conversion",
              "fullTitle": "Utilities Cypress.Blob - blob utilities and base64 string conversion",
              "timedOut": null,
              "duration": 775,
              "state": "passed",
              "speed": "fast",
              "pass": true,
              "fail": false,
              "pending": false,
              "context": null,
              "code": "// https://on.cypress.io/blob\ncy.get('.utility-blob').then($div => {\n  // https://github.com/nolanlawson/blob-util#imgSrcToDataURL\n  // get the dataUrl string for the javascript-logo\n  return Cypress.Blob.imgSrcToDataURL('https://example.cypress.io/assets/img/javascript-logo.png', undefined, 'anonymous').then(dataUrl => {\n    // create an <img> element and set its src to the dataUrl\n    let img = Cypress.$('<img />', {\n      src: dataUrl\n    });\n    // need to explicitly return cy here since we are initially returning\n    // the Cypress.Blob.imgSrcToDataURL promise to our test\n    // append the image\n    $div.append(img);\n    cy.get('.utility-blob img').click().should('have.attr', 'src', dataUrl);\n  });\n});",
              "err": {},
              "uuid": "623c8345-3247-40d8-b71c-54453f7b1c74",
              "parentUUID": "5fbc95b2-c801-4ce9-b3ed-9f3b7c9d6526",
              "isHook": false,
              "skipped": false
            },
            {
              "title": "Cypress.minimatch - test out glob patterns against strings",
              "fullTitle": "Utilities Cypress.minimatch - test out glob patterns against strings",
              "timedOut": null,
              "duration": 164,
              "state": "passed",
              "speed": "fast",
              "pass": true,
              "fail": false,
              "pending": false,
              "context": null,
              "code": "// https://on.cypress.io/minimatch\nlet matching = Cypress.minimatch('/users/1/comments', '/users/*/comments', {\n  matchBase: true\n});\nexpect(matching, 'matching wildcard').to.be.true;\nmatching = Cypress.minimatch('/users/1/comments/2', '/users/*/comments', {\n  matchBase: true\n});\nexpect(matching, 'comments').to.be.false;\n// ** matches against all downstream path segments\nmatching = Cypress.minimatch('/foo/bar/baz/123/quux?a=b&c=2', '/foo/**', {\n  matchBase: true\n});\nexpect(matching, 'comments').to.be.true;\n// whereas * matches only the next path segment\nmatching = Cypress.minimatch('/foo/bar/baz/123/quux?a=b&c=2', '/foo/*', {\n  matchBase: false\n});\nexpect(matching, 'comments').to.be.false;",
              "err": {},
              "uuid": "a8f4ea3e-4607-4948-9a53-ffbbdaf2db21",
              "parentUUID": "5fbc95b2-c801-4ce9-b3ed-9f3b7c9d6526",
              "isHook": false,
              "skipped": false
            },
            {
              "title": "Cypress.Promise - instantiate a bluebird promise",
              "fullTitle": "Utilities Cypress.Promise - instantiate a bluebird promise",
              "timedOut": null,
              "duration": 1165,
              "state": "passed",
              "speed": "fast",
              "pass": true,
              "fail": false,
              "pending": false,
              "context": null,
              "code": "// https://on.cypress.io/promise\nlet waited = false;\n/**\n * @return Bluebird<string>\n */\nfunction waitOneSecond() {\n  // return a promise that resolves after 1 second\n  return new Cypress.Promise((resolve, reject) => {\n    setTimeout(() => {\n      // set waited to true\n      waited = true;\n      // resolve with 'foo' string\n      resolve('foo');\n    }, 1000);\n  });\n}\ncy.then(() => {\n  // return a promise to cy.then() that\n  // is awaited until it resolves\n  return waitOneSecond().then(str => {\n    expect(str).to.eq('foo');\n    expect(waited).to.be.true;\n  });\n});",
              "err": {},
              "uuid": "ab5c770a-9f6c-4a95-83f6-883336025c95",
              "parentUUID": "5fbc95b2-c801-4ce9-b3ed-9f3b7c9d6526",
              "isHook": false,
              "skipped": false
            }
          ],
          "suites": [],
          "passes": [
            "f2830249-8a18-4d04-9f95-941f859fb0dc",
            "442d776c-fded-4767-b5a9-3d5f6d709e2d",
            "623c8345-3247-40d8-b71c-54453f7b1c74",
            "a8f4ea3e-4607-4948-9a53-ffbbdaf2db21",
            "ab5c770a-9f6c-4a95-83f6-883336025c95"
          ],
          "failures": [],
          "pending": [],
          "skipped": [],
          "duration": 3683,
          "root": false,
          "rootEmpty": false,
          "_timeout": 2000
        }
      ],
      "passes": [],
      "failures": [],
      "pending": [],
      "skipped": [],
      "duration": 0,
      "root": true,
      "rootEmpty": true,
      "_timeout": 2000
    }
  ],
  "meta": {
    "mocha": {
      "version": "7.0.1"
    },
    "mochawesome": {
      "options": {
        "quiet": false,
        "reportFilename": "mochawesome",
        "saveHtml": false,
        "saveJson": true,
        "consoleReporter": "spec",
        "useInlineDiffs": false,
        "code": true
      },
      "version": "7.1.4"
    },
    "marge": {
      "options": {
        "reportDir": "results",
        "overwrite": false,
        "html": false,
        "json": true
      },
      "version": "6.3.2"
    }
  }
}