{
  "stats": {
    "suites": 1,
    "tests": 1,
    "passes": 0,
    "pending": 0,
    "failures": 1,
    "start": "2026-02-20T06:38:14.929Z",
    "end": "2026-02-20T06:38:16.261Z",
    "duration": 1332,
    "testsRegistered": 1,
    "passPercent": 0,
    "pendingPercent": 0,
    "other": 0,
    "hasOther": false,
    "skipped": 0,
    "hasSkipped": false
  },
  "results": [
    {
      "uuid": "1103bd27-d41e-4823-9afb-08413bc6e10a",
      "title": "",
      "fullFile": "cypress\\e2e\\itera\\Dashboard.cy.js",
      "file": "cypress\\e2e\\itera\\Dashboard.cy.js",
      "beforeHooks": [],
      "afterHooks": [],
      "tests": [],
      "suites": [
        {
          "uuid": "2354e4b5-8c0c-407c-8c20-564ef29f7c41",
          "title": "Search Dashboard",
          "fullFile": "",
          "file": "",
          "beforeHooks": [],
          "afterHooks": [],
          "tests": [
            {
              "title": "Search Dashboard",
              "fullTitle": "Search Dashboard Search Dashboard",
              "timedOut": null,
              "duration": 1256,
              "state": "failed",
              "speed": null,
              "pass": false,
              "fail": true,
              "pending": false,
              "context": null,
              "code": "cy.visit('https://itera-qa.azurewebsites.net/');\ncy.get('.form-inline > .navbar-nav > :nth-child(2) > .nav-link').click();\ncy.get('#Username').type('Daw01235');\ncy.get('#Password').type('123456Daw');\ncy.get('.btn-primary').click();\ncy.get('#searching').type('Tertuliano').wait(10);\ncy.get('.container > div > form > .btn').click();\ncy.get('tbody > :nth-child(2) > :nth-child(1)');\ncy.get(':nth-child(2) > :nth-child(7) > .btn-outline-info').click();\ncy.get('.btn-link').click();\n//Search By Email\ncy.get('#searching').type('Deneval_Oliveira@yahoo.com').wait(10);\ncy.get('.container > div > form > .btn').click().wait(10);\ncy.get('#searching').clear();\ncy.get('.container > div > form > .btn').click().wait(10);",
              "err": {
                "message": "CypressError: `cy.visit()` failed trying to load:\n\nhttps://itera-qa.azurewebsites.net/\n\nWe attempted to make an http request to this URL but the request failed without a response.\n\nWe received this error at the network level:\n\n  > Error: getaddrinfo ENOTFOUND itera-qa.azurewebsites.net\n\nCommon situations why this would fail:\n  - you don't have internet access\n  - you forgot to run / boot your web server\n  - your web server isn't accessible\n  - you have weird network configuration settings on your computer",
                "estack": "CypressError: `cy.visit()` failed trying to load:\n\nhttps://itera-qa.azurewebsites.net/\n\nWe attempted to make an http request to this URL but the request failed without a response.\n\nWe received this error at the network level:\n\n  > Error: getaddrinfo ENOTFOUND itera-qa.azurewebsites.net\n\nCommon situations why this would fail:\n  - you don't have internet access\n  - you forgot to run / boot your web server\n  - your web server isn't accessible\n  - you have weird network configuration settings on your computer\n    at <unknown> (http://localhost:60039/__cypress/runner/cypress_runner.js:138252:82)\n    at visitFailedByErr (http://localhost:60039/__cypress/runner/cypress_runner.js:137644:12)\n    at <unknown> (http://localhost:60039/__cypress/runner/cypress_runner.js:138251:11)\n    at tryCatcher (http://localhost:60039/__cypress/runner/cypress_runner.js:8914:23)\n    at Promise._settlePromiseFromHandler (http://localhost:60039/__cypress/runner/cypress_runner.js:6849:31)\n    at Promise._settlePromise (http://localhost:60039/__cypress/runner/cypress_runner.js:6906:18)\n    at Promise._settlePromise0 (http://localhost:60039/__cypress/runner/cypress_runner.js:6951:10)\n    at Promise._settlePromises (http://localhost:60039/__cypress/runner/cypress_runner.js:7027:18)\n    at _drainQueueStep (http://localhost:60039/__cypress/runner/cypress_runner.js:3621:12)\n    at _drainQueue (http://localhost:60039/__cypress/runner/cypress_runner.js:3614:9)\n    at ../../node_modules/bluebird/js/release/async.js.Async._drainQueues (http://localhost:60039/__cypress/runner/cypress_runner.js:3630:5)\n    at Async.drainQueues (http://localhost:60039/__cypress/runner/cypress_runner.js:3500:14)\nFrom Your Spec Code:\n    at Context.eval (webpack:///./cypress/e2e/itera/Dashboard.cy.js:8:11)\n\nFrom Node.js Internals:\n  Error: getaddrinfo ENOTFOUND itera-qa.azurewebsites.net\n      at GetAddrInfoReqWrap.onlookup [as oncomplete] (node:dns:71:26)",
                "diff": null
              },
              "uuid": "4f9733ab-eb76-4e94-8e42-ec2f3d40d44b",
              "parentUUID": "2354e4b5-8c0c-407c-8c20-564ef29f7c41",
              "isHook": false,
              "skipped": false
            }
          ],
          "suites": [],
          "passes": [],
          "failures": [
            "4f9733ab-eb76-4e94-8e42-ec2f3d40d44b"
          ],
          "pending": [],
          "skipped": [],
          "duration": 1256,
          "root": false,
          "rootEmpty": false,
          "_timeout": 2000
        }
      ],
      "passes": [],
      "failures": [],
      "pending": [],
      "skipped": [],
      "duration": 0,
      "root": true,
      "rootEmpty": true,
      "_timeout": 2000
    }
  ],
  "meta": {
    "mocha": {
      "version": "7.0.1"
    },
    "mochawesome": {
      "options": {
        "quiet": false,
        "reportFilename": "mochawesome",
        "saveHtml": false,
        "saveJson": true,
        "consoleReporter": "spec",
        "useInlineDiffs": false,
        "code": true
      },
      "version": "7.1.4"
    },
    "marge": {
      "options": {
        "reportDir": "results",
        "overwrite": false,
        "html": false,
        "json": true
      },
      "version": "6.3.2"
    }
  }
}