{
  "stats": {
    "suites": 1,
    "tests": 3,
    "passes": 0,
    "pending": 0,
    "failures": 3,
    "start": "2026-02-18T04:17:56.879Z",
    "end": "2026-02-18T04:17:59.512Z",
    "duration": 2633,
    "testsRegistered": 3,
    "passPercent": 0,
    "pendingPercent": 0,
    "other": 0,
    "hasOther": false,
    "skipped": 0,
    "hasSkipped": false
  },
  "results": [
    {
      "uuid": "76ebe7f2-0075-467c-adf1-0d20bf2c1ab4",
      "title": "",
      "fullFile": "cypress\\e2e\\itera\\signup.cy.js",
      "file": "cypress\\e2e\\itera\\signup.cy.js",
      "beforeHooks": [],
      "afterHooks": [],
      "tests": [],
      "suites": [
        {
          "uuid": "09a41d8c-fee0-491d-b49b-60e1863bb82d",
          "title": "Signup Itera",
          "fullFile": "",
          "file": "",
          "beforeHooks": [],
          "afterHooks": [],
          "tests": [
            {
              "title": "Signup Success",
              "fullTitle": "Signup Itera Signup Success",
              "timedOut": null,
              "duration": 877,
              "state": "failed",
              "speed": null,
              "pass": false,
              "fail": true,
              "pending": false,
              "context": null,
              "code": "cy.visit('https://itera-qa.azurewebsites.net/');\ncy.get('.form-inline > .navbar-nav > :nth-child(1) > .nav-link').click();\ncy.get('#FirstName').type('Dawit');\ncy.get('#Surname').type('Test');\ncy.get('#E_post').type('test@gmail.com');\ncy.get('#Mobile').type('085292478852');\ncy.get('#Username').type('Daw01235');\ncy.get('#Password').type('123456Daw');\ncy.get('#ConfirmPassword').type('123456Daw');\ncy.get('#submit').click();\ncy.get('.label-success');",
              "err": {
                "message": "CypressError: `cy.visit()` failed trying to load:\n\nhttps://itera-qa.azurewebsites.net/\n\nWe attempted to make an http request to this URL but the request failed without a response.\n\nWe received this error at the network level:\n\n  > Error: getaddrinfo ENOTFOUND itera-qa.azurewebsites.net\n\nCommon situations why this would fail:\n  - you don't have internet access\n  - you forgot to run / boot your web server\n  - your web server isn't accessible\n  - you have weird network configuration settings on your computer",
                "estack": "CypressError: `cy.visit()` failed trying to load:\n\nhttps://itera-qa.azurewebsites.net/\n\nWe attempted to make an http request to this URL but the request failed without a response.\n\nWe received this error at the network level:\n\n  > Error: getaddrinfo ENOTFOUND itera-qa.azurewebsites.net\n\nCommon situations why this would fail:\n  - you don't have internet access\n  - you forgot to run / boot your web server\n  - your web server isn't accessible\n  - you have weird network configuration settings on your computer\n    at <unknown> (http://localhost:63079/__cypress/runner/cypress_runner.js:138252:82)\n    at visitFailedByErr (http://localhost:63079/__cypress/runner/cypress_runner.js:137644:12)\n    at <unknown> (http://localhost:63079/__cypress/runner/cypress_runner.js:138251:11)\n    at tryCatcher (http://localhost:63079/__cypress/runner/cypress_runner.js:8914:23)\n    at Promise._settlePromiseFromHandler (http://localhost:63079/__cypress/runner/cypress_runner.js:6849:31)\n    at Promise._settlePromise (http://localhost:63079/__cypress/runner/cypress_runner.js:6906:18)\n    at Promise._settlePromise0 (http://localhost:63079/__cypress/runner/cypress_runner.js:6951:10)\n    at Promise._settlePromises (http://localhost:63079/__cypress/runner/cypress_runner.js:7027:18)\n    at _drainQueueStep (http://localhost:63079/__cypress/runner/cypress_runner.js:3621:12)\n    at _drainQueue (http://localhost:63079/__cypress/runner/cypress_runner.js:3614:9)\n    at ../../node_modules/bluebird/js/release/async.js.Async._drainQueues (http://localhost:63079/__cypress/runner/cypress_runner.js:3630:5)\n    at Async.drainQueues (http://localhost:63079/__cypress/runner/cypress_runner.js:3500:14)\nFrom Your Spec Code:\n    at Context.eval (webpack:///./cypress/e2e/itera/signup.cy.js:4:7)\n\nFrom Node.js Internals:\n  Error: getaddrinfo ENOTFOUND itera-qa.azurewebsites.net\n      at GetAddrInfoReqWrap.onlookup [as oncomplete] (node:dns:71:26)",
                "diff": null
              },
              "uuid": "997e9b3f-71cb-4f3e-afdc-6e3432a5981d",
              "parentUUID": "09a41d8c-fee0-491d-b49b-60e1863bb82d",
              "isHook": false,
              "skipped": false
            },
            {
              "title": "Signup Username Exist",
              "fullTitle": "Signup Itera Signup Username Exist",
              "timedOut": null,
              "duration": 796,
              "state": "failed",
              "speed": null,
              "pass": false,
              "fail": true,
              "pending": false,
              "context": null,
              "code": "cy.visit('https://itera-qa.azurewebsites.net/');\ncy.get('.form-inline > .navbar-nav > :nth-child(1) > .nav-link').click();\ncy.get('#FirstName').type('Dawit');\ncy.get('#Surname').type('Test');\ncy.get('#E_post').type('test@gmail.com');\ncy.get('#Mobile').type('085292478852');\ncy.get('#Username').type('Daw01235');\ncy.get('#Password').type('123456Daw');\ncy.get('#ConfirmPassword').type('123456Daw');\ncy.get('#submit').click();\ncy.get('.label-danger');",
              "err": {
                "message": "CypressError: `cy.visit()` failed trying to load:\n\nhttps://itera-qa.azurewebsites.net/\n\nWe attempted to make an http request to this URL but the request failed without a response.\n\nWe received this error at the network level:\n\n  > Error: getaddrinfo ENOTFOUND itera-qa.azurewebsites.net\n\nCommon situations why this would fail:\n  - you don't have internet access\n  - you forgot to run / boot your web server\n  - your web server isn't accessible\n  - you have weird network configuration settings on your computer",
                "estack": "CypressError: `cy.visit()` failed trying to load:\n\nhttps://itera-qa.azurewebsites.net/\n\nWe attempted to make an http request to this URL but the request failed without a response.\n\nWe received this error at the network level:\n\n  > Error: getaddrinfo ENOTFOUND itera-qa.azurewebsites.net\n\nCommon situations why this would fail:\n  - you don't have internet access\n  - you forgot to run / boot your web server\n  - your web server isn't accessible\n  - you have weird network configuration settings on your computer\n    at <unknown> (http://localhost:63079/__cypress/runner/cypress_runner.js:138252:82)\n    at visitFailedByErr (http://localhost:63079/__cypress/runner/cypress_runner.js:137644:12)\n    at <unknown> (http://localhost:63079/__cypress/runner/cypress_runner.js:138251:11)\n    at tryCatcher (http://localhost:63079/__cypress/runner/cypress_runner.js:8914:23)\n    at Promise._settlePromiseFromHandler (http://localhost:63079/__cypress/runner/cypress_runner.js:6849:31)\n    at Promise._settlePromise (http://localhost:63079/__cypress/runner/cypress_runner.js:6906:18)\n    at Promise._settlePromise0 (http://localhost:63079/__cypress/runner/cypress_runner.js:6951:10)\n    at Promise._settlePromises (http://localhost:63079/__cypress/runner/cypress_runner.js:7027:18)\n    at _drainQueueStep (http://localhost:63079/__cypress/runner/cypress_runner.js:3621:12)\n    at _drainQueue (http://localhost:63079/__cypress/runner/cypress_runner.js:3614:9)\n    at ../../node_modules/bluebird/js/release/async.js.Async._drainQueues (http://localhost:63079/__cypress/runner/cypress_runner.js:3630:5)\n    at Async.drainQueues (http://localhost:63079/__cypress/runner/cypress_runner.js:3500:14)\nFrom Your Spec Code:\n    at Context.eval (webpack:///./cypress/e2e/itera/signup.cy.js:18:7)\n\nFrom Node.js Internals:\n  Error: getaddrinfo ENOTFOUND itera-qa.azurewebsites.net\n      at GetAddrInfoReqWrap.onlookup [as oncomplete] (node:dns:71:26)",
                "diff": null
              },
              "uuid": "f96efd5a-a778-442a-b157-d880645b1712",
              "parentUUID": "09a41d8c-fee0-491d-b49b-60e1863bb82d",
              "isHook": false,
              "skipped": false
            },
            {
              "title": "Signup Firstname Empthy",
              "fullTitle": "Signup Itera Signup Firstname Empthy",
              "timedOut": null,
              "duration": 832,
              "state": "failed",
              "speed": null,
              "pass": false,
              "fail": true,
              "pending": false,
              "context": null,
              "code": "cy.visit('https://itera-qa.azurewebsites.net/');\ncy.get('.form-inline > .navbar-nav > :nth-child(1) > .nav-link').click();\ncy.get('#FirstName');\ncy.get('#Surname').type('Test');\ncy.get('#E_post').type('test@gmail.com');\ncy.get('#Mobile').type('085292478852');\ncy.get('#Username').type('Daw01234');\ncy.get('#Password').type('123456Daw');\ncy.get('#ConfirmPassword').type('123456Daw');\ncy.get('#submit').click();\ncy.get('#FirstName-error');",
              "err": {
                "message": "CypressError: `cy.visit()` failed trying to load:\n\nhttps://itera-qa.azurewebsites.net/\n\nWe attempted to make an http request to this URL but the request failed without a response.\n\nWe received this error at the network level:\n\n  > Error: getaddrinfo ENOTFOUND itera-qa.azurewebsites.net\n\nCommon situations why this would fail:\n  - you don't have internet access\n  - you forgot to run / boot your web server\n  - your web server isn't accessible\n  - you have weird network configuration settings on your computer",
                "estack": "CypressError: `cy.visit()` failed trying to load:\n\nhttps://itera-qa.azurewebsites.net/\n\nWe attempted to make an http request to this URL but the request failed without a response.\n\nWe received this error at the network level:\n\n  > Error: getaddrinfo ENOTFOUND itera-qa.azurewebsites.net\n\nCommon situations why this would fail:\n  - you don't have internet access\n  - you forgot to run / boot your web server\n  - your web server isn't accessible\n  - you have weird network configuration settings on your computer\n    at <unknown> (http://localhost:63079/__cypress/runner/cypress_runner.js:138252:82)\n    at visitFailedByErr (http://localhost:63079/__cypress/runner/cypress_runner.js:137644:12)\n    at <unknown> (http://localhost:63079/__cypress/runner/cypress_runner.js:138251:11)\n    at tryCatcher (http://localhost:63079/__cypress/runner/cypress_runner.js:8914:23)\n    at Promise._settlePromiseFromHandler (http://localhost:63079/__cypress/runner/cypress_runner.js:6849:31)\n    at Promise._settlePromise (http://localhost:63079/__cypress/runner/cypress_runner.js:6906:18)\n    at Promise._settlePromise0 (http://localhost:63079/__cypress/runner/cypress_runner.js:6951:10)\n    at Promise._settlePromises (http://localhost:63079/__cypress/runner/cypress_runner.js:7027:18)\n    at _drainQueueStep (http://localhost:63079/__cypress/runner/cypress_runner.js:3621:12)\n    at _drainQueue (http://localhost:63079/__cypress/runner/cypress_runner.js:3614:9)\n    at ../../node_modules/bluebird/js/release/async.js.Async._drainQueues (http://localhost:63079/__cypress/runner/cypress_runner.js:3630:5)\n    at Async.drainQueues (http://localhost:63079/__cypress/runner/cypress_runner.js:3500:14)\nFrom Your Spec Code:\n    at Context.eval (webpack:///./cypress/e2e/itera/signup.cy.js:32:7)\n\nFrom Node.js Internals:\n  Error: getaddrinfo ENOTFOUND itera-qa.azurewebsites.net\n      at GetAddrInfoReqWrap.onlookup [as oncomplete] (node:dns:71:26)",
                "diff": null
              },
              "uuid": "ee15da49-1825-4a10-924b-435fd52b681d",
              "parentUUID": "09a41d8c-fee0-491d-b49b-60e1863bb82d",
              "isHook": false,
              "skipped": false
            }
          ],
          "suites": [],
          "passes": [],
          "failures": [
            "997e9b3f-71cb-4f3e-afdc-6e3432a5981d",
            "f96efd5a-a778-442a-b157-d880645b1712",
            "ee15da49-1825-4a10-924b-435fd52b681d"
          ],
          "pending": [],
          "skipped": [],
          "duration": 2505,
          "root": false,
          "rootEmpty": false,
          "_timeout": 2000
        }
      ],
      "passes": [],
      "failures": [],
      "pending": [],
      "skipped": [],
      "duration": 0,
      "root": true,
      "rootEmpty": true,
      "_timeout": 2000
    }
  ],
  "meta": {
    "mocha": {
      "version": "7.0.1"
    },
    "mochawesome": {
      "options": {
        "quiet": false,
        "reportFilename": "mochawesome",
        "saveHtml": false,
        "saveJson": true,
        "consoleReporter": "spec",
        "useInlineDiffs": false,
        "code": true
      },
      "version": "7.1.4"
    },
    "marge": {
      "options": {
        "reportDir": "results",
        "overwrite": false,
        "html": false,
        "json": true
      },
      "version": "6.3.2"
    }
  }
}